<?xml version="1.0" encoding="UTF-8"?>
<!-- Generated by org.testng.reporters.JUnitReportReporter -->
<testsuite skipped="0" hostname="MECHANICALPC" name="testRunner.SeleniumGridExecution" tests="2" failures="0" timestamp="11 Aug 2020 13:25:09 GMT" time="50.003" errors="0">
  <testcase name="setup" time="16.646" classname="testRunner.SeleniumGridExecution"/>
  <testcase name="login" time="33.357" classname="testRunner.SeleniumGridExecution"/>
</testsuite> <!-- testRunner.SeleniumGridExecution -->
