<?xml version="1.0" encoding="UTF-8"?>
<!-- Generated by org.testng.reporters.JUnitReportReporter -->
<testsuite skipped="0" hostname="MECHANICAL" name="automationTestScripts.Organizations.CreatOrganisationTest" tests="1" failures="0" timestamp="04 Oct 2020 13:54:27 GMT" time="26.731" errors="0">
  <testcase name="CreateOrganisation" time="26.731" classname="automationTestScripts.Organizations.CreatOrganisationTest"/>
</testsuite> <!-- automationTestScripts.Organizations.CreatOrganisationTest -->
