<?xml version="1.0" encoding="UTF-8"?>
<!-- Generated by org.testng.reporters.JUnitReportReporter -->
<testsuite skipped="0" hostname="MECHANICAL" name="automationTestScripts.Organizations.CreateAndDeleteOrganizationTest" tests="1" failures="0" timestamp="04 Oct 2020 13:54:27 GMT" time="20.303" errors="0">
  <testcase name="validateOrgAfterDelete" time="20.303" classname="automationTestScripts.Organizations.CreateAndDeleteOrganizationTest"/>
</testsuite> <!-- automationTestScripts.Organizations.CreateAndDeleteOrganizationTest -->
