<?xml version="1.0" encoding="UTF-8"?>
<!-- Generated by org.testng.reporters.JUnitReportReporter -->
<testsuite skipped="0" hostname="MECHANICAL" name="testRunner.TestDataProvider" tests="4" failures="0" timestamp="22 Aug 2020 05:02:07 GMT" time="94.998" errors="0">
  <testcase name="m1" time="11.565" classname="testRunner.TestDataProvider"/>
  <testcase name="m1" time="26.690" classname="testRunner.TestDataProvider"/>
  <testcase name="m1" time="28.081" classname="testRunner.TestDataProvider"/>
  <testcase name="m1" time="28.662" classname="testRunner.TestDataProvider"/>
</testsuite> <!-- testRunner.TestDataProvider -->
