<?xml version="1.0" encoding="UTF-8"?>
<!-- Generated by org.testng.reporters.JUnitReportReporter -->
<testsuite skipped="0" hostname="MECHANICALPC" name="automationTestScripts.Contacts.CreateContactAndDeleteWithOrg" tests="1" failures="0" timestamp="05 Aug 2020 04:26:14 GMT" time="29.039" errors="0">
  <testcase name="CreateContactWithOrgAndDeleteWithOrg" time="29.039" classname="automationTestScripts.Contacts.CreateContactAndDeleteWithOrg"/>
</testsuite> <!-- automationTestScripts.Contacts.CreateContactAndDeleteWithOrg -->
