<?xml version="1.0" encoding="UTF-8"?>
<!-- Generated by org.testng.reporters.JUnitReportReporter -->
<testsuite skipped="0" hostname="MECHANICALPC" name="automationTestScripts.Contacts.CreateContact" tests="1" failures="0" timestamp="05 Aug 2020 04:06:57 GMT" time="22.511" errors="0">
  <testcase name="CreateNewContact" time="22.511" classname="automationTestScripts.Contacts.CreateContact"/>
</testsuite> <!-- automationTestScripts.Contacts.CreateContact -->
