<?xml version="1.0" encoding="UTF-8"?>
<!-- Generated by org.testng.reporters.JUnitReportReporter -->
<testsuite skipped="0" hostname="MECHANICALPC" name="automationTestScripts.Organizations.CreatOrganisation" tests="1" failures="0" timestamp="04 Aug 2020 19:16:24 GMT" time="12.476" errors="0">
  <testcase name="CresteOrg" time="12.476" classname="automationTestScripts.Organizations.CreatOrganisation"/>
</testsuite> <!-- automationTestScripts.Organizations.CreatOrganisation -->
