<?xml version="1.0" encoding="UTF-8"?>
<!-- Generated by org.testng.reporters.JUnitReportReporter -->
<testsuite skipped="0" hostname="MECHANICAL" name="testRunner.ScriptUsingWebDriver" tests="1" failures="0" timestamp="04 Oct 2020 14:00:12 GMT" time="1.669" errors="0">
  <testcase name="test" time="1.669" classname="testRunner.ScriptUsingWebDriver"/>
</testsuite> <!-- testRunner.ScriptUsingWebDriver -->
